{
  root: '/Users/yzh2520/Documents/GitHub/PersonalBlog',
  registry: 'https://registry.npmmirror.com',
  pkgs: [
    {
      name: 'hexo-renderer-sass',
      version: 'latest',
      type: 'tag',
      alias: undefined,
      arg: [Result]
    }
  ],
  production: false,
  cacheStrict: false,
  cacheDir: null,
  env: {
    npm_config_registry: 'https://registry.npmmirror.com',
    npm_config_argv: '{"remain":[],"cooked":["--fix-bug-versions","--china","--userconfig=/Users/yzh2520/.cnpmrc","--disturl=https://npmmirror.com/mirrors/node","--registry=https://registry.npmmirror.com","hexo-renderer-sass","--unsafe-perm","--save-dev"],"original":["--fix-bug-versions","--china","--userconfig=/Users/yzh2520/.cnpmrc","--disturl=https://npmmirror.com/mirrors/node","--registry=https://registry.npmmirror.com","hexo-renderer-sass","--unsafe-perm","--save-dev"]}',
    npm_config_user_agent: 'npminstall/7.4.2 npm/? node/v19.2.0 darwin arm64',
    NODE: '/opt/homebrew/Cellar/node/19.2.0/bin/node',
    npm_node_execpath: '/opt/homebrew/Cellar/node/19.2.0/bin/node',
    npm_execpath: '/opt/homebrew/lib/node_modules/cnpm/node_modules/npminstall/bin/install.js',
    npm_config_userconfig: '/Users/yzh2520/.cnpmrc',
    npm_config_disturl: 'https://npmmirror.com/mirrors/node',
    npm_config_r: 'https://registry.npmmirror.com',
    NODEJS_ORG_MIRROR: 'https://cdn.npmmirror.com/binaries/node',
    NVM_NODEJS_ORG_MIRROR: 'https://cdn.npmmirror.com/binaries/node',
    PHANTOMJS_CDNURL: 'https://cdn.npmmirror.com/binaries/phantomjs',
    CHROMEDRIVER_CDNURL: 'https://cdn.npmmirror.com/binaries/chromedriver',
    OPERADRIVER_CDNURL: 'https://cdn.npmmirror.com/binaries/operadriver',
    ELECTRON_MIRROR: 'https://cdn.npmmirror.com/binaries/electron/',
    ELECTRON_BUILDER_BINARIES_MIRROR: 'https://cdn.npmmirror.com/binaries/electron-builder-binaries/',
    SASS_BINARY_SITE: 'https://cdn.npmmirror.com/binaries/node-sass',
    SWC_BINARY_SITE: 'https://cdn.npmmirror.com/binaries/node-swc',
    NWJS_URLBASE: 'https://cdn.npmmirror.com/binaries/nwjs/v',
    PUPPETEER_DOWNLOAD_HOST: 'https://cdn.npmmirror.com/binaries',
    SENTRYCLI_CDNURL: 'https://cdn.npmmirror.com/binaries/sentry-cli',
    SAUCECTL_INSTALL_BINARY_MIRROR: 'https://cdn.npmmirror.com/binaries/saucectl',
    RE2_DOWNLOAD_MIRROR: 'https://cdn.npmmirror.com/binaries/node-re2',
    RE2_DOWNLOAD_SKIP_PATH: 'true',
    npm_config_keytar_binary_host: 'https://cdn.npmmirror.com/binaries/keytar',
    npm_config_sharp_binary_host: 'https://cdn.npmmirror.com/binaries/sharp',
    npm_config_sharp_libvips_binary_host: 'https://cdn.npmmirror.com/binaries/sharp-libvips',
    npm_config_robotjs_binary_host: 'https://cdn.npmmirror.com/binaries/robotjs',
    npm_rootpath: '/Users/yzh2520/Documents/GitHub/PersonalBlog',
    INIT_CWD: '/Users/yzh2520/Documents/GitHub/PersonalBlog',
    npm_config_cache: '/Users/yzh2520/.npminstall_tarball'
  },
  binaryMirrors: {
    ENVS: {
      NODEJS_ORG_MIRROR: 'https://cdn.npmmirror.com/binaries/node',
      NVM_NODEJS_ORG_MIRROR: 'https://cdn.npmmirror.com/binaries/node',
      PHANTOMJS_CDNURL: 'https://cdn.npmmirror.com/binaries/phantomjs',
      CHROMEDRIVER_CDNURL: 'https://cdn.npmmirror.com/binaries/chromedriver',
      OPERADRIVER_CDNURL: 'https://cdn.npmmirror.com/binaries/operadriver',
      ELECTRON_MIRROR: 'https://cdn.npmmirror.com/binaries/electron/',
      ELECTRON_BUILDER_BINARIES_MIRROR: 'https://cdn.npmmirror.com/binaries/electron-builder-binaries/',
      SASS_BINARY_SITE: 'https://cdn.npmmirror.com/binaries/node-sass',
      SWC_BINARY_SITE: 'https://cdn.npmmirror.com/binaries/node-swc',
      NWJS_URLBASE: 'https://cdn.npmmirror.com/binaries/nwjs/v',
      PUPPETEER_DOWNLOAD_HOST: 'https://cdn.npmmirror.com/binaries',
      SENTRYCLI_CDNURL: 'https://cdn.npmmirror.com/binaries/sentry-cli',
      SAUCECTL_INSTALL_BINARY_MIRROR: 'https://cdn.npmmirror.com/binaries/saucectl',
      RE2_DOWNLOAD_MIRROR: 'https://cdn.npmmirror.com/binaries/node-re2',
      RE2_DOWNLOAD_SKIP_PATH: 'true',
      npm_config_keytar_binary_host: 'https://cdn.npmmirror.com/binaries/keytar',
      npm_config_sharp_binary_host: 'https://cdn.npmmirror.com/binaries/sharp',
      npm_config_sharp_libvips_binary_host: 'https://cdn.npmmirror.com/binaries/sharp-libvips',
      npm_config_robotjs_binary_host: 'https://cdn.npmmirror.com/binaries/robotjs'
    },
    '@ali/s2': { host: 'https://cdn.npmmirror.com/binaries/looksgood-s2' },
    sharp: { replaceHostFiles: [Array], replaceHostMap: [Object] },
    '@tensorflow/tfjs-node': {
      replaceHostFiles: [Array],
      replaceHostRegExpMap: [Object],
      replaceHostMap: [Object]
    },
    cypress: {
      host: 'https://cdn.npmmirror.com/binaries/cypress',
      newPlatforms: [Object]
    },
    'utf-8-validate': {
      host: 'https://cdn.npmmirror.com/binaries/utf-8-validate/v{version}'
    },
    xprofiler: {
      remote_path: './xprofiler/v{version}/',
      host: 'https://cdn.npmmirror.com/binaries'
    },
    leveldown: { host: 'https://cdn.npmmirror.com/binaries/leveldown/v{version}' },
    couchbase: { host: 'https://cdn.npmmirror.com/binaries/couchbase/v{version}' },
    gl: { host: 'https://cdn.npmmirror.com/binaries/gl/v{version}' },
    sqlite3: {
      host: 'https://cdn.npmmirror.com/binaries/sqlite3',
      remote_path: 'v{version}'
    },
    '@journeyapps/sqlcipher': { host: 'https://cdn.npmmirror.com/binaries' },
    grpc: {
      host: 'https://cdn.npmmirror.com/binaries',
      remote_path: '{name}/v{version}'
    },
    fsevents: { host: 'https://cdn.npmmirror.com/binaries/fsevents' },
    nodejieba: { host: 'https://cdn.npmmirror.com/binaries/nodejieba' },
    canvas: { host: 'https://cdn.npmmirror.com/binaries/canvas' },
    'flow-bin': {
      replaceHost: 'https://github.com/facebook/flow/releases/download/v',
      host: 'https://cdn.npmmirror.com/binaries/flow/v'
    },
    'jpegtran-bin': {
      replaceHost: [Array],
      host: 'https://cdn.npmmirror.com/binaries/jpegtran-bin'
    },
    'cwebp-bin': {
      replaceHost: [Array],
      host: 'https://cdn.npmmirror.com/binaries/cwebp-bin'
    },
    'zopflipng-bin': {
      replaceHost: [Array],
      host: 'https://cdn.npmmirror.com/binaries/zopflipng-bin'
    },
    'optipng-bin': {
      replaceHost: [Array],
      host: 'https://cdn.npmmirror.com/binaries/optipng-bin'
    },
    mozjpeg: {
      replaceHost: [Array],
      host: 'https://cdn.npmmirror.com/binaries/mozjpeg-bin'
    },
    gifsicle: {
      replaceHost: [Array],
      host: 'https://cdn.npmmirror.com/binaries/gifsicle-bin'
    },
    'pngquant-bin': {
      replaceHost: [Array],
      host: 'https://cdn.npmmirror.com/binaries/pngquant-bin',
      replaceHostMap: [Object]
    },
    'pngcrush-bin': {
      replaceHost: [Array],
      host: 'https://cdn.npmmirror.com/binaries/pngcrush-bin'
    },
    'jpeg-recompress-bin': {
      replaceHost: [Array],
      host: 'https://cdn.npmmirror.com/binaries/jpeg-recompress-bin'
    },
    'advpng-bin': {
      replaceHost: [Array],
      host: 'https://cdn.npmmirror.com/binaries/advpng-bin'
    },
    'pngout-bin': {
      replaceHost: [Array],
      host: 'https://cdn.npmmirror.com/binaries/pngout-bin'
    },
    'jpegoptim-bin': {
      replaceHost: [Array],
      host: 'https://cdn.npmmirror.com/binaries/jpegoptim-bin'
    },
    argon2: { host: 'https://cdn.npmmirror.com/binaries/argon2' },
    'ali-zeromq': { host: 'https://cdn.npmmirror.com/binaries/ali-zeromq' },
    'gdal-async': { host: 'https://cdn.npmmirror.com/binaries/node-gdal-async' }
  },
  forbiddenLicenses: null,
  flatten: false,
  proxy: undefined,
  prune: false,
  disableFallbackStore: false,
  workspacesMap: Map(0) {},
  enableWorkspace: false,
  workspaceRoot: '/Users/yzh2520/Documents/GitHub/PersonalBlog',
  isWorkspaceRoot: true,
  isWorkspacePackage: false,
  strictSSL: true,
  ignoreScripts: false,
  ignoreOptionalDependencies: false,
  detail: false,
  forceLinkLatest: false,
  trace: false,
  engineStrict: false,
  registryOnly: false,
  client: false,
  autoFixVersion: [Function: autoFixVersion]
}